<?xml version="1.0" encoding="UTF-8"?>
<testng-results ignored="0" total="3" passed="3" failed="0" skipped="0">
  <reporter-output>
    <line>
      <![CDATA[the test has been started]]>
    </line>
    <line>
      <![CDATA[the test has been started]]>
    </line>
    <line>
      <![CDATA[the test has been started]]>
    </line>
  </reporter-output>
  <suite started-at="2022-11-18T01:08:00 IST" name="Suite" finished-at="2022-11-18T01:08:59 IST" duration-ms="58584">
    <groups>
    </groups>
    <test started-at="2022-11-18T01:08:00 IST" name="Test" finished-at="2022-11-18T01:08:59 IST" duration-ms="58584">
      <class name="testpackages.TestActitimeInvalidLogin">
        <test-method is-config="true" signature="setUp()[pri:0, instance:testpackages.TestActitimeInvalidLogin@fa49800]" started-at="2022-11-18T01:08:15 IST" name="setUp" finished-at="2022-11-18T01:08:19 IST" duration-ms="3639" status="PASS">
          <reporter-output>
          </reporter-output>
        </test-method> <!-- setUp -->
        <test-method signature="testInvalidLogin()[pri:0, instance:testpackages.TestActitimeInvalidLogin@fa49800]" started-at="2022-11-18T01:08:19 IST" name="testInvalidLogin" finished-at="2022-11-18T01:08:45 IST" duration-ms="26216" status="PASS">
          <reporter-output>
            <line>
              <![CDATA[the test has been started]]>
            </line>
          </reporter-output>
        </test-method> <!-- testInvalidLogin -->
        <test-method is-config="true" signature="tearDown()[pri:0, instance:testpackages.TestActitimeInvalidLogin@fa49800]" started-at="2022-11-18T01:08:45 IST" name="tearDown" finished-at="2022-11-18T01:08:48 IST" duration-ms="2866" status="PASS">
          <reporter-output>
          </reporter-output>
        </test-method> <!-- tearDown -->
      </class> <!-- testpackages.TestActitimeInvalidLogin -->
      <class name="testpackages.TestActitimeLogout">
        <test-method is-config="true" signature="setUp()[pri:0, instance:testpackages.TestActitimeLogout@27ff5d15]" started-at="2022-11-18T01:08:01 IST" name="setUp" finished-at="2022-11-18T01:08:07 IST" duration-ms="6529" status="PASS">
          <reporter-output>
          </reporter-output>
        </test-method> <!-- setUp -->
        <test-method signature="testLogout()[pri:0, instance:testpackages.TestActitimeLogout@27ff5d15]" started-at="2022-11-18T01:08:07 IST" name="testLogout" finished-at="2022-11-18T01:08:14 IST" duration-ms="7286" status="PASS">
          <reporter-output>
            <line>
              <![CDATA[the test has been started]]>
            </line>
          </reporter-output>
        </test-method> <!-- testLogout -->
        <test-method is-config="true" signature="tearDown()[pri:0, instance:testpackages.TestActitimeLogout@27ff5d15]" started-at="2022-11-18T01:08:14 IST" name="tearDown" finished-at="2022-11-18T01:08:15 IST" duration-ms="862" status="PASS">
          <reporter-output>
          </reporter-output>
        </test-method> <!-- tearDown -->
      </class> <!-- testpackages.TestActitimeLogout -->
      <class name="testpackages.TestActitimeValidLogin">
        <test-method is-config="true" signature="setUp()[pri:0, instance:testpackages.TestActitimeValidLogin@71238fc2]" started-at="2022-11-18T01:08:48 IST" name="setUp" finished-at="2022-11-18T01:08:54 IST" duration-ms="6404" status="PASS">
          <reporter-output>
          </reporter-output>
        </test-method> <!-- setUp -->
        <test-method signature="testValidLogin()[pri:0, instance:testpackages.TestActitimeValidLogin@71238fc2]" started-at="2022-11-18T01:08:54 IST" name="testValidLogin" finished-at="2022-11-18T01:08:58 IST" duration-ms="3427" status="PASS">
          <reporter-output>
            <line>
              <![CDATA[the test has been started]]>
            </line>
          </reporter-output>
        </test-method> <!-- testValidLogin -->
        <test-method is-config="true" signature="tearDown()[pri:0, instance:testpackages.TestActitimeValidLogin@71238fc2]" started-at="2022-11-18T01:08:58 IST" name="tearDown" finished-at="2022-11-18T01:08:59 IST" duration-ms="1265" status="PASS">
          <reporter-output>
          </reporter-output>
        </test-method> <!-- tearDown -->
      </class> <!-- testpackages.TestActitimeValidLogin -->
    </test> <!-- Test -->
  </suite> <!-- Suite -->
</testng-results>
